<?xml version="1.0" encoding="UTF-8"?>
<!-- Generated by org.testng.reporters.JUnitReportReporter -->
<testsuite hostname="DESKTOP-86HP7BJ" failures="0" tests="1" name="com.qa.testBase.TestBase" time="19.727" errors="0" timestamp="2023-09-24T20:19:03 IST" skipped="0">
  <testcase classname="com.qa.testBase.TestBase" name="setup" time="19.727"/>
  <system-out/>
</testsuite> <!-- com.qa.testBase.TestBase -->
