<?xml version="1.0" encoding="UTF-8"?>
<!-- Generated by org.testng.reporters.JUnitReportReporter -->
<testsuite hostname="DESKTOP-86HP7BJ" failures="0" tests="1" name="com.qa.testLayer.Test_SelPract" time="38.112" errors="0" timestamp="2023-10-02T12:48:30 IST" skipped="0">
  <testcase classname="com.qa.testLayer.Test_SelPract" name="TC02_Wait" time="38.112"/>
  <system-out/>
</testsuite> <!-- com.qa.testLayer.Test_SelPract -->
