<?xml version="1.0" encoding="UTF-8"?>
<!-- Generated by org.testng.reporters.JUnitReportReporter -->
<testsuite hostname="DESKTOP-86HP7BJ" failures="0" tests="1" name="com.qa.testLayer.TC_DropDown" time="33.733" errors="0" timestamp="2023-09-27T10:53:55 IST" skipped="0">
  <testcase classname="com.qa.testLayer.TC_DropDown" name="TC01" time="33.733"/>
  <system-out/>
</testsuite> <!-- com.qa.testLayer.TC_DropDown -->
