<?xml version="1.0" encoding="UTF-8"?>
<!-- Generated by org.testng.reporters.JUnitReportReporter -->
<testsuite hostname="DESKTOP-86HP7BJ" failures="0" tests="1" name="com.qa.testLayer.Test_SelPract" time="25.274" errors="0" timestamp="2023-10-03T16:30:58 IST" skipped="0">
  <testcase classname="com.qa.testLayer.Test_SelPract" name="TC03_googleSearch" time="25.274"/>
  <system-out/>
</testsuite> <!-- com.qa.testLayer.Test_SelPract -->
