<?xml version="1.0" encoding="UTF-8"?>
<!-- Generated by org.testng.reporters.JUnitReportReporter -->
<testsuite hostname="DESKTOP-86HP7BJ" failures="0" tests="1" name="com.qa.pageLayer.Google" time="60.583" errors="0" timestamp="2023-10-03T11:59:51 IST" skipped="0">
  <testcase classname="com.qa.pageLayer.Google" name="search" time="60.583"/>
  <system-out/>
</testsuite> <!-- com.qa.pageLayer.Google -->
